c:\users\heoco\desktop\kltn\source\persondetection\persondetection\debug\persondetection.pch
c:\users\heoco\desktop\kltn\source\persondetection\persondetection\debug\vc140.pdb
c:\users\heoco\desktop\kltn\source\persondetection\persondetection\debug\vc140.idb
c:\users\heoco\desktop\kltn\source\persondetection\persondetection\debug\stdafx.obj
c:\users\heoco\desktop\kltn\source\persondetection\persondetection\debug\hogclassifier.obj
c:\users\heoco\desktop\kltn\source\persondetection\persondetection\debug\hogprocessor.obj
c:\users\heoco\desktop\kltn\source\persondetection\persondetection\debug\integralscale.obj
c:\users\heoco\desktop\kltn\source\persondetection\persondetection\debug\linesegment.obj
c:\users\heoco\desktop\kltn\source\persondetection\persondetection\debug\localisation.obj
c:\users\heoco\desktop\kltn\source\persondetection\persondetection\debug\overlappingdetection.obj
c:\users\heoco\desktop\kltn\source\persondetection\persondetection\debug\persondetectionapp.obj
c:\users\heoco\desktop\kltn\source\persondetection\persondetection\debug\persondetectiondlg.obj
c:\users\heoco\desktop\kltn\source\persondetection\persondetection\debug\persondetector.obj
c:\users\heoco\desktop\kltn\source\persondetection\persondetection\debug\scanwindow.obj
c:\users\heoco\desktop\kltn\source\persondetection\persondetection\debug\cvmfcimage.obj
c:\users\heoco\desktop\kltn\source\persondetection\debug\persondetection.ilk
c:\users\heoco\desktop\kltn\source\persondetection\debug\persondetection.exe
c:\users\heoco\desktop\kltn\source\persondetection\debug\persondetection.pdb
c:\users\heoco\desktop\kltn\source\persondetection\persondetection\debug\persondetection.res
c:\users\heoco\desktop\kltn\source\persondetection\persondetection\debug\persondetection.tlog\cl.command.1.tlog
c:\users\heoco\desktop\kltn\source\persondetection\persondetection\debug\persondetection.tlog\cl.read.1.tlog
c:\users\heoco\desktop\kltn\source\persondetection\persondetection\debug\persondetection.tlog\cl.write.1.tlog
c:\users\heoco\desktop\kltn\source\persondetection\persondetection\debug\persondetection.tlog\link.command.1.tlog
c:\users\heoco\desktop\kltn\source\persondetection\persondetection\debug\persondetection.tlog\link.read.1.tlog
c:\users\heoco\desktop\kltn\source\persondetection\persondetection\debug\persondetection.tlog\link.write.1.tlog
c:\users\heoco\desktop\kltn\source\persondetection\persondetection\debug\persondetection.tlog\rc.command.1.tlog
c:\users\heoco\desktop\kltn\source\persondetection\persondetection\debug\persondetection.tlog\rc.read.1.tlog
c:\users\heoco\desktop\kltn\source\persondetection\persondetection\debug\persondetection.tlog\rc.write.1.tlog
